2023.05.13 14:44:17 INFO  Started: Metals version 0.11.12 in workspace 'C:\MyFiles\Repos\Guest_lecture_full_stack' for client Visual Studio Code 1.78.2.
May 13, 2023 2:44:17 PM org.flywaydb.core.internal.license.VersionPrinter printVersionOnly
INFO: Flyway Community Edition 9.16.3 by Redgate
May 13, 2023 2:44:17 PM org.flywaydb.core.internal.license.VersionPrinter printVersion
INFO: See release notes here: https://rd.gt/416ObMi
May 13, 2023 2:44:17 PM org.flywaydb.core.internal.license.VersionPrinter printVersion
INFO: 
May 13, 2023 2:44:18 PM org.flywaydb.core.internal.database.base.BaseDatabaseType createDatabase
INFO: Database: jdbc:h2:file:C:\MyFiles\Repos\Guest_lecture_full_stack\.metals\metals (H2 2.1)
May 13, 2023 2:44:18 PM org.flywaydb.core.internal.schemahistory.JdbcTableSchemaHistory allAppliedMigrations
INFO: Schema history table "PUBLIC"."flyway_schema_history" does not exist yet
May 13, 2023 2:44:18 PM org.flywaydb.core.internal.command.DbValidate validate
INFO: Successfully validated 4 migrations (execution time 00:00.051s)
May 13, 2023 2:44:18 PM org.flywaydb.core.internal.schemahistory.JdbcTableSchemaHistory create
INFO: Creating Schema History table "PUBLIC"."flyway_schema_history" ...
May 13, 2023 2:44:18 PM org.flywaydb.core.internal.command.DbMigrate migrateGroup
INFO: Current version of schema "PUBLIC": << Empty Schema >>
May 13, 2023 2:44:18 PM org.flywaydb.core.internal.command.DbMigrate doMigrateGroup
INFO: Migrating schema "PUBLIC" to version "1 - Create tables"
May 13, 2023 2:44:18 PM org.flywaydb.core.internal.command.DbMigrate doMigrateGroup
INFO: Migrating schema "PUBLIC" to version "2 - Server discovery"
May 13, 2023 2:44:18 PM org.flywaydb.core.internal.command.DbMigrate doMigrateGroup
INFO: Migrating schema "PUBLIC" to version "3 - Jar symbols"
May 13, 2023 2:44:18 PM org.flywaydb.core.internal.command.DbMigrate doMigrateGroup
INFO: Migrating schema "PUBLIC" to version "4 - Fingerprints"
May 13, 2023 2:44:18 PM org.flywaydb.core.internal.command.DbMigrate logSummary
INFO: Successfully applied 4 migrations to schema "PUBLIC", now at version v4 (execution time 00:00.121s)
2023.05.13 14:44:19 INFO  time: initialize in 1.92s
2023.05.13 14:44:20 WARN  Build server is not auto-connectable.
2023.05.13 14:44:20 WARN  no build tool detected in workspace 'C:\MyFiles\Repos\Guest_lecture_full_stack'. The most common cause for this problem is that the editor was opened in the wrong working directory, for example if you use sbt then the workspace directory should contain build.sbt. 
2023.05.14 00:46:13 INFO  Shutting down server
2023.05.14 00:46:13 INFO  shutting down Metals
2023.05.14 00:46:13 INFO  Exiting server
